生成启动时间为 2018-02-06 11:14:17。
     1>项目“I:\gitlab\cameraManage\CLR\Exercise2\Exercise2\Exercise2.vcxproj”在节点 2 上(Rebuild 个目标)。
     1>ClCompile:
         C:\Program Files (x86)\Microsoft Visual Studio 12.0\VC\bin\CL.exe /c /I.\ffmpeglib\include /AI"C:\Program Files (x86)\Reference Assemblies\Microsoft\Framework\.NETFramework\v4.0" /AI"C:\Program Files (x86)\Windows Kits\8.1\References\CommonConfiguration\Neutral" /Zi /clr /nologo /W3 /WX- /Od /Oy- /D WIN32 /D _DEBUG /D _UNICODE /D UNICODE /EHa /MDd /GS /fp:precise /Zc:wchar_t /Zc:forScope /Fo"Debug\\" /Fd"Debug\vc120.pdb" /TP /FUI:\gitlab\cameraManage\CLR\Exercise2\Exercise2\AccessOperate.dll /FU"C:\Program Files (x86)\Reference Assemblies\Microsoft\Framework\.NETFramework\v4.0\mscorlib.dll" /FU"C:\Program Files (x86)\Reference Assemblies\Microsoft\Framework\.NETFramework\v4.0\System.Data.dll" /FU"C:\Program Files (x86)\Reference Assemblies\Microsoft\Framework\.NETFramework\v4.0\System.dll" /FU"C:\Program Files (x86)\Reference Assemblies\Microsoft\Framework\.NETFramework\v4.0\System.Drawing.dll" /FU"C:\Program Files (x86)\Reference Assemblies\Microsoft\Framework\.NETFramework\v4.0\System.Windows.Forms.dll" /FU"C:\Program Files (x86)\Reference Assemblies\Microsoft\Framework\.NETFramework\v4.0\System.Xml.dll" /FUI:\gitlab\cameraManage\CLR\Exercise2\Exercise2\ToolAPI.dll /FUI:\gitlab\cameraManage\CLR\Exercise2\Exercise2\VSGTool.dll /analyze- /errorReport:prompt /clr:nostdlib Exercise.cpp HelloWorld.cpp RtspToRtmp.cpp start_up.cpp
         Exercise.cpp
         HelloWorld.cpp
     1>i:\gitlab\cameramanage\clr\exercise2\exercise2\HelloWorld.h(18): warning C4067: 预处理器指令后有意外标记 - 应输入换行符
     1>i:\gitlab\cameramanage\clr\exercise2\exercise2\ffmpeglib\include\libavutil\rational.h : warning C4819: 该文件包含不能在当前代码页(936)中表示的字符。请将该文件保存为 Unicode 格式以防止数据丢失
     1>i:\gitlab\cameramanage\clr\exercise2\exercise2\HelloWorld.h(20): warning C4067: 预处理器指令后有意外标记 - 应输入换行符
     1>i:\gitlab\cameramanage\clr\exercise2\exercise2\RtspToRtmp.cpp(149): warning C4996: 'Exercise2::AVStream::codec': 被声明为已否决
                 I:\gitlab\cameraManage\CLR\Exercise2\Exercise2\ffmpeglib\include\libavformat/avformat.h(893) : 参见“Exercise2::AVStream::codec”的声明
     1>i:\gitlab\cameramanage\clr\exercise2\exercise2\RtspToRtmp.cpp(165): warning C4996: 'Exercise2::AVStream::codec': 被声明为已否决
                 I:\gitlab\cameraManage\CLR\Exercise2\Exercise2\ffmpeglib\include\libavformat/avformat.h(893) : 参见“Exercise2::AVStream::codec”的声明
     1>i:\gitlab\cameramanage\clr\exercise2\exercise2\RtspToRtmp.cpp(176): warning C4996: 'Exercise2::AVStream::codec': 被声明为已否决
                 I:\gitlab\cameraManage\CLR\Exercise2\Exercise2\ffmpeglib\include\libavformat/avformat.h(893) : 参见“Exercise2::AVStream::codec”的声明
     1>i:\gitlab\cameramanage\clr\exercise2\exercise2\RtspToRtmp.cpp(177): warning C4996: 'Exercise2::AVStream::codec': 被声明为已否决
                 I:\gitlab\cameraManage\CLR\Exercise2\Exercise2\ffmpeglib\include\libavformat/avformat.h(893) : 参见“Exercise2::AVStream::codec”的声明
                 I:\gitlab\cameraManage\CLR\Exercise2\Exercise2\ffmpeglib\include\libavformat/avformat.h(893) : 参见“Exercise2::AVStream::codec”的声明
     1>i:\gitlab\cameramanage\clr\exercise2\exercise2\RtspToRtmp.cpp(177): warning C4996: 'Exercise2::avcodec_copy_context': 被声明为已否决
                 I:\gitlab\cameraManage\CLR\Exercise2\Exercise2\ffmpeglib\include\libavcodec/avcodec.h(4412) : 参见“Exercise2::avcodec_copy_context”的声明
     1>i:\gitlab\cameramanage\clr\exercise2\exercise2\RtspToRtmp.cpp(184): warning C4996: 'Exercise2::AVStream::codec': 被声明为已否决
                 I:\gitlab\cameraManage\CLR\Exercise2\Exercise2\ffmpeglib\include\libavformat/avformat.h(893) : 参见“Exercise2::AVStream::codec”的声明
     1>i:\gitlab\cameramanage\clr\exercise2\exercise2\RtspToRtmp.cpp(201): warning C4996: 'Exercise2::AVStream::codec': 被声明为已否决
                 I:\gitlab\cameraManage\CLR\Exercise2\Exercise2\ffmpeglib\include\libavformat/avformat.h(893) : 参见“Exercise2::AVStream::codec”的声明
     1>i:\gitlab\cameramanage\clr\exercise2\exercise2\RtspToRtmp.cpp(254): warning C4996: 'Exercise2::av_free_packet': 被声明为已否决
                 I:\gitlab\cameraManage\CLR\Exercise2\Exercise2\ffmpeglib\include\libavcodec/avcodec.h(4650) : 参见“Exercise2::av_free_packet”的声明
     1>i:\gitlab\cameramanage\clr\exercise2\exercise2\RtspToRtmp.cpp(258): warning C4996: 'Exercise2::av_free_packet': 被声明为已否决
                 I:\gitlab\cameraManage\CLR\Exercise2\Exercise2\ffmpeglib\include\libavcodec/avcodec.h(4650) : 参见“Exercise2::av_free_packet”的声明
     1>i:\gitlab\cameramanage\clr\exercise2\exercise2\RtspToRtmp.cpp(269): warning C4996: 'Exercise2::av_free_packet': 被声明为已否决
                 I:\gitlab\cameraManage\CLR\Exercise2\Exercise2\ffmpeglib\include\libavcodec/avcodec.h(4650) : 参见“Exercise2::av_free_packet”的声明
     1>i:\gitlab\cameramanage\clr\exercise2\exercise2\RtspToRtmp.cpp(290): warning C4101: “ex”: 未引用的局部变量
     1>i:\gitlab\cameramanage\clr\exercise2\exercise2\RtspToRtmp.cpp(298): warning C4101: “ee”: 未引用的局部变量
     1>i:\gitlab\cameramanage\clr\exercise2\exercise2\RtspToRtmp.cpp(343): warning C4018: “<”: 有符号/无符号不匹配
     1>i:\gitlab\cameramanage\clr\exercise2\exercise2\RtspToRtmp.cpp(344): warning C4996: 'Exercise2::AVStream::codec': 被声明为已否决
                 I:\gitlab\cameraManage\CLR\Exercise2\Exercise2\ffmpeglib\include\libavformat/avformat.h(893) : 参见“Exercise2::AVStream::codec”的声明
     1>i:\gitlab\cameramanage\clr\exercise2\exercise2\RtspToRtmp.cpp(351): warning C4996: 'Exercise2::AVStream::codec': 被声明为已否决
                 I:\gitlab\cameraManage\CLR\Exercise2\Exercise2\ffmpeglib\include\libavformat/avformat.h(893) : 参见“Exercise2::AVStream::codec”的声明
     1>i:\gitlab\cameramanage\clr\exercise2\exercise2\RtspToRtmp.cpp(359): warning C4996: 'Exercise2::AVStream::codec': 被声明为已否决
                 I:\gitlab\cameraManage\CLR\Exercise2\Exercise2\ffmpeglib\include\libavformat/avformat.h(893) : 参见“Exercise2::AVStream::codec”的声明
                 I:\gitlab\cameraManage\CLR\Exercise2\Exercise2\ffmpeglib\include\libavformat/avformat.h(893) : 参见“Exercise2::AVStream::codec”的声明
     1>i:\gitlab\cameramanage\clr\exercise2\exercise2\RtspToRtmp.cpp(359): warning C4996: 'Exercise2::avcodec_copy_context': 被声明为已否决
                 I:\gitlab\cameraManage\CLR\Exercise2\Exercise2\ffmpeglib\include\libavcodec/avcodec.h(4412) : 参见“Exercise2::avcodec_copy_context”的声明
     1>i:\gitlab\cameramanage\clr\exercise2\exercise2\RtspToRtmp.cpp(365): warning C4996: 'Exercise2::AVStream::codec': 被声明为已否决
                 I:\gitlab\cameraManage\CLR\Exercise2\Exercise2\ffmpeglib\include\libavformat/avformat.h(893) : 参见“Exercise2::AVStream::codec”的声明
     1>i:\gitlab\cameramanage\clr\exercise2\exercise2\RtspToRtmp.cpp(367): warning C4996: 'Exercise2::AVStream::codec': 被声明为已否决
                 I:\gitlab\cameraManage\CLR\Exercise2\Exercise2\ffmpeglib\include\libavformat/avformat.h(893) : 参见“Exercise2::AVStream::codec”的声明
     1>i:\gitlab\cameramanage\clr\exercise2\exercise2\RtspToRtmp.cpp(399): warning C4996: 'Exercise2::av_free_packet': 被声明为已否决
                 I:\gitlab\cameraManage\CLR\Exercise2\Exercise2\ffmpeglib\include\libavcodec/avcodec.h(4650) : 参见“Exercise2::av_free_packet”的声明
     1>i:\gitlab\cameramanage\clr\exercise2\exercise2\RtspToRtmp.cpp(409): warning C4244: “初始化”: 从“double”转换到“Exercise2::int64_t”，可能丢失数据
     1>i:\gitlab\cameramanage\clr\exercise2\exercise2\RtspToRtmp.cpp(411): warning C4244: “=”: 从“double”转换到“Exercise2::int64_t”，可能丢失数据
     1>i:\gitlab\cameramanage\clr\exercise2\exercise2\RtspToRtmp.cpp(413): warning C4244: “=”: 从“double”转换到“Exercise2::int64_t”，可能丢失数据
     1>i:\gitlab\cameramanage\clr\exercise2\exercise2\RtspToRtmp.cpp(423): warning C4244: “参数”: 从“Exercise2::int64_t”转换到“unsigned int”，可能丢失数据
     1>i:\gitlab\cameramanage\clr\exercise2\exercise2\RtspToRtmp.cpp(451): warning C4996: 'Exercise2::av_free_packet': 被声明为已否决
                 I:\gitlab\cameraManage\CLR\Exercise2\Exercise2\ffmpeglib\include\libavcodec/avcodec.h(4650) : 参见“Exercise2::av_free_packet”的声明
     1>i:\gitlab\cameramanage\clr\exercise2\exercise2\HelloWorld.h(44): warning C4101: “ex”: 未引用的局部变量
     1>i:\gitlab\cameramanage\clr\exercise2\exercise2\HelloWorld.h(60): warning C4101: “ex”: 未引用的局部变量
     1>i:\gitlab\cameramanage\clr\exercise2\exercise2\HelloWorld.h(271): warning C4101: “ex”: 未引用的局部变量
     1>i:\gitlab\cameramanage\clr\exercise2\exercise2\HelloWorld.h(302): warning C4101: “ex”: 未引用的局部变量
         RtspToRtmp.cpp
     1>i:\gitlab\cameramanage\clr\exercise2\exercise2\ffmpeglib\include\libavutil\rational.h : warning C4819: 该文件包含不能在当前代码页(936)中表示的字符。请将该文件保存为 Unicode 格式以防止数据丢失
     1>RtspToRtmp.cpp(149): warning C4996: 'AVStream::codec': 被声明为已否决
                 I:\gitlab\cameraManage\CLR\Exercise2\Exercise2\ffmpeglib\include\libavformat/avformat.h(893) : 参见“AVStream::codec”的声明
     1>RtspToRtmp.cpp(165): warning C4996: 'AVStream::codec': 被声明为已否决
                 I:\gitlab\cameraManage\CLR\Exercise2\Exercise2\ffmpeglib\include\libavformat/avformat.h(893) : 参见“AVStream::codec”的声明
     1>RtspToRtmp.cpp(176): warning C4996: 'AVStream::codec': 被声明为已否决
                 I:\gitlab\cameraManage\CLR\Exercise2\Exercise2\ffmpeglib\include\libavformat/avformat.h(893) : 参见“AVStream::codec”的声明
     1>RtspToRtmp.cpp(177): warning C4996: 'AVStream::codec': 被声明为已否决
                 I:\gitlab\cameraManage\CLR\Exercise2\Exercise2\ffmpeglib\include\libavformat/avformat.h(893) : 参见“AVStream::codec”的声明
                 I:\gitlab\cameraManage\CLR\Exercise2\Exercise2\ffmpeglib\include\libavformat/avformat.h(893) : 参见“AVStream::codec”的声明
     1>RtspToRtmp.cpp(177): warning C4996: 'avcodec_copy_context': 被声明为已否决
                 I:\gitlab\cameraManage\CLR\Exercise2\Exercise2\ffmpeglib\include\libavcodec/avcodec.h(4412) : 参见“avcodec_copy_context”的声明
     1>RtspToRtmp.cpp(184): warning C4996: 'AVStream::codec': 被声明为已否决
                 I:\gitlab\cameraManage\CLR\Exercise2\Exercise2\ffmpeglib\include\libavformat/avformat.h(893) : 参见“AVStream::codec”的声明
     1>RtspToRtmp.cpp(201): warning C4996: 'AVStream::codec': 被声明为已否决
                 I:\gitlab\cameraManage\CLR\Exercise2\Exercise2\ffmpeglib\include\libavformat/avformat.h(893) : 参见“AVStream::codec”的声明
     1>RtspToRtmp.cpp(254): warning C4996: 'av_free_packet': 被声明为已否决
                 I:\gitlab\cameraManage\CLR\Exercise2\Exercise2\ffmpeglib\include\libavcodec/avcodec.h(4650) : 参见“av_free_packet”的声明
     1>RtspToRtmp.cpp(258): warning C4996: 'av_free_packet': 被声明为已否决
                 I:\gitlab\cameraManage\CLR\Exercise2\Exercise2\ffmpeglib\include\libavcodec/avcodec.h(4650) : 参见“av_free_packet”的声明
     1>RtspToRtmp.cpp(269): warning C4996: 'av_free_packet': 被声明为已否决
                 I:\gitlab\cameraManage\CLR\Exercise2\Exercise2\ffmpeglib\include\libavcodec/avcodec.h(4650) : 参见“av_free_packet”的声明
     1>RtspToRtmp.cpp(290): warning C4101: “ex”: 未引用的局部变量
     1>RtspToRtmp.cpp(298): warning C4101: “ee”: 未引用的局部变量
     1>RtspToRtmp.cpp(343): warning C4018: “<”: 有符号/无符号不匹配
     1>RtspToRtmp.cpp(344): warning C4996: 'AVStream::codec': 被声明为已否决
                 I:\gitlab\cameraManage\CLR\Exercise2\Exercise2\ffmpeglib\include\libavformat/avformat.h(893) : 参见“AVStream::codec”的声明
     1>RtspToRtmp.cpp(351): warning C4996: 'AVStream::codec': 被声明为已否决
                 I:\gitlab\cameraManage\CLR\Exercise2\Exercise2\ffmpeglib\include\libavformat/avformat.h(893) : 参见“AVStream::codec”的声明
     1>RtspToRtmp.cpp(359): warning C4996: 'AVStream::codec': 被声明为已否决
                 I:\gitlab\cameraManage\CLR\Exercise2\Exercise2\ffmpeglib\include\libavformat/avformat.h(893) : 参见“AVStream::codec”的声明
                 I:\gitlab\cameraManage\CLR\Exercise2\Exercise2\ffmpeglib\include\libavformat/avformat.h(893) : 参见“AVStream::codec”的声明
     1>RtspToRtmp.cpp(359): warning C4996: 'avcodec_copy_context': 被声明为已否决
                 I:\gitlab\cameraManage\CLR\Exercise2\Exercise2\ffmpeglib\include\libavcodec/avcodec.h(4412) : 参见“avcodec_copy_context”的声明
     1>RtspToRtmp.cpp(365): warning C4996: 'AVStream::codec': 被声明为已否决
                 I:\gitlab\cameraManage\CLR\Exercise2\Exercise2\ffmpeglib\include\libavformat/avformat.h(893) : 参见“AVStream::codec”的声明
     1>RtspToRtmp.cpp(367): warning C4996: 'AVStream::codec': 被声明为已否决
                 I:\gitlab\cameraManage\CLR\Exercise2\Exercise2\ffmpeglib\include\libavformat/avformat.h(893) : 参见“AVStream::codec”的声明
     1>RtspToRtmp.cpp(399): warning C4996: 'av_free_packet': 被声明为已否决
                 I:\gitlab\cameraManage\CLR\Exercise2\Exercise2\ffmpeglib\include\libavcodec/avcodec.h(4650) : 参见“av_free_packet”的声明
     1>RtspToRtmp.cpp(409): warning C4244: “初始化”: 从“double”转换到“int64_t”，可能丢失数据
     1>RtspToRtmp.cpp(411): warning C4244: “=”: 从“double”转换到“int64_t”，可能丢失数据
     1>RtspToRtmp.cpp(413): warning C4244: “=”: 从“double”转换到“int64_t”，可能丢失数据
     1>RtspToRtmp.cpp(423): warning C4244: “参数”: 从“int64_t”转换到“unsigned int”，可能丢失数据
     1>RtspToRtmp.cpp(451): warning C4996: 'av_free_packet': 被声明为已否决
                 I:\gitlab\cameraManage\CLR\Exercise2\Exercise2\ffmpeglib\include\libavcodec/avcodec.h(4650) : 参见“av_free_packet”的声明
         start_up.cpp
     1>i:\gitlab\cameramanage\clr\exercise2\exercise2\HelloWorld.h(18): warning C4067: 预处理器指令后有意外标记 - 应输入换行符
     1>i:\gitlab\cameramanage\clr\exercise2\exercise2\ffmpeglib\include\libavutil\rational.h : warning C4819: 该文件包含不能在当前代码页(936)中表示的字符。请将该文件保存为 Unicode 格式以防止数据丢失
     1>i:\gitlab\cameramanage\clr\exercise2\exercise2\HelloWorld.h(20): warning C4067: 预处理器指令后有意外标记 - 应输入换行符
     1>i:\gitlab\cameramanage\clr\exercise2\exercise2\RtspToRtmp.cpp(149): warning C4996: 'Exercise2::AVStream::codec': 被声明为已否决
                 I:\gitlab\cameraManage\CLR\Exercise2\Exercise2\ffmpeglib\include\libavformat/avformat.h(893) : 参见“Exercise2::AVStream::codec”的声明
     1>i:\gitlab\cameramanage\clr\exercise2\exercise2\RtspToRtmp.cpp(165): warning C4996: 'Exercise2::AVStream::codec': 被声明为已否决
                 I:\gitlab\cameraManage\CLR\Exercise2\Exercise2\ffmpeglib\include\libavformat/avformat.h(893) : 参见“Exercise2::AVStream::codec”的声明
     1>i:\gitlab\cameramanage\clr\exercise2\exercise2\RtspToRtmp.cpp(176): warning C4996: 'Exercise2::AVStream::codec': 被声明为已否决
                 I:\gitlab\cameraManage\CLR\Exercise2\Exercise2\ffmpeglib\include\libavformat/avformat.h(893) : 参见“Exercise2::AVStream::codec”的声明
     1>i:\gitlab\cameramanage\clr\exercise2\exercise2\RtspToRtmp.cpp(177): warning C4996: 'Exercise2::AVStream::codec': 被声明为已否决
                 I:\gitlab\cameraManage\CLR\Exercise2\Exercise2\ffmpeglib\include\libavformat/avformat.h(893) : 参见“Exercise2::AVStream::codec”的声明
                 I:\gitlab\cameraManage\CLR\Exercise2\Exercise2\ffmpeglib\include\libavformat/avformat.h(893) : 参见“Exercise2::AVStream::codec”的声明
     1>i:\gitlab\cameramanage\clr\exercise2\exercise2\RtspToRtmp.cpp(177): warning C4996: 'Exercise2::avcodec_copy_context': 被声明为已否决
                 I:\gitlab\cameraManage\CLR\Exercise2\Exercise2\ffmpeglib\include\libavcodec/avcodec.h(4412) : 参见“Exercise2::avcodec_copy_context”的声明
     1>i:\gitlab\cameramanage\clr\exercise2\exercise2\RtspToRtmp.cpp(184): warning C4996: 'Exercise2::AVStream::codec': 被声明为已否决
                 I:\gitlab\cameraManage\CLR\Exercise2\Exercise2\ffmpeglib\include\libavformat/avformat.h(893) : 参见“Exercise2::AVStream::codec”的声明
     1>i:\gitlab\cameramanage\clr\exercise2\exercise2\RtspToRtmp.cpp(201): warning C4996: 'Exercise2::AVStream::codec': 被声明为已否决
                 I:\gitlab\cameraManage\CLR\Exercise2\Exercise2\ffmpeglib\include\libavformat/avformat.h(893) : 参见“Exercise2::AVStream::codec”的声明
     1>i:\gitlab\cameramanage\clr\exercise2\exercise2\RtspToRtmp.cpp(254): warning C4996: 'Exercise2::av_free_packet': 被声明为已否决
                 I:\gitlab\cameraManage\CLR\Exercise2\Exercise2\ffmpeglib\include\libavcodec/avcodec.h(4650) : 参见“Exercise2::av_free_packet”的声明
     1>i:\gitlab\cameramanage\clr\exercise2\exercise2\RtspToRtmp.cpp(258): warning C4996: 'Exercise2::av_free_packet': 被声明为已否决
                 I:\gitlab\cameraManage\CLR\Exercise2\Exercise2\ffmpeglib\include\libavcodec/avcodec.h(4650) : 参见“Exercise2::av_free_packet”的声明
     1>i:\gitlab\cameramanage\clr\exercise2\exercise2\RtspToRtmp.cpp(269): warning C4996: 'Exercise2::av_free_packet': 被声明为已否决
                 I:\gitlab\cameraManage\CLR\Exercise2\Exercise2\ffmpeglib\include\libavcodec/avcodec.h(4650) : 参见“Exercise2::av_free_packet”的声明
     1>i:\gitlab\cameramanage\clr\exercise2\exercise2\RtspToRtmp.cpp(290): warning C4101: “ex”: 未引用的局部变量
     1>i:\gitlab\cameramanage\clr\exercise2\exercise2\RtspToRtmp.cpp(298): warning C4101: “ee”: 未引用的局部变量
     1>i:\gitlab\cameramanage\clr\exercise2\exercise2\RtspToRtmp.cpp(343): warning C4018: “<”: 有符号/无符号不匹配
     1>i:\gitlab\cameramanage\clr\exercise2\exercise2\RtspToRtmp.cpp(344): warning C4996: 'Exercise2::AVStream::codec': 被声明为已否决
                 I:\gitlab\cameraManage\CLR\Exercise2\Exercise2\ffmpeglib\include\libavformat/avformat.h(893) : 参见“Exercise2::AVStream::codec”的声明
     1>i:\gitlab\cameramanage\clr\exercise2\exercise2\RtspToRtmp.cpp(351): warning C4996: 'Exercise2::AVStream::codec': 被声明为已否决
                 I:\gitlab\cameraManage\CLR\Exercise2\Exercise2\ffmpeglib\include\libavformat/avformat.h(893) : 参见“Exercise2::AVStream::codec”的声明
     1>i:\gitlab\cameramanage\clr\exercise2\exercise2\RtspToRtmp.cpp(359): warning C4996: 'Exercise2::AVStream::codec': 被声明为已否决
                 I:\gitlab\cameraManage\CLR\Exercise2\Exercise2\ffmpeglib\include\libavformat/avformat.h(893) : 参见“Exercise2::AVStream::codec”的声明
                 I:\gitlab\cameraManage\CLR\Exercise2\Exercise2\ffmpeglib\include\libavformat/avformat.h(893) : 参见“Exercise2::AVStream::codec”的声明
     1>i:\gitlab\cameramanage\clr\exercise2\exercise2\RtspToRtmp.cpp(359): warning C4996: 'Exercise2::avcodec_copy_context': 被声明为已否决
                 I:\gitlab\cameraManage\CLR\Exercise2\Exercise2\ffmpeglib\include\libavcodec/avcodec.h(4412) : 参见“Exercise2::avcodec_copy_context”的声明
     1>i:\gitlab\cameramanage\clr\exercise2\exercise2\RtspToRtmp.cpp(365): warning C4996: 'Exercise2::AVStream::codec': 被声明为已否决
                 I:\gitlab\cameraManage\CLR\Exercise2\Exercise2\ffmpeglib\include\libavformat/avformat.h(893) : 参见“Exercise2::AVStream::codec”的声明
     1>i:\gitlab\cameramanage\clr\exercise2\exercise2\RtspToRtmp.cpp(367): warning C4996: 'Exercise2::AVStream::codec': 被声明为已否决
                 I:\gitlab\cameraManage\CLR\Exercise2\Exercise2\ffmpeglib\include\libavformat/avformat.h(893) : 参见“Exercise2::AVStream::codec”的声明
     1>i:\gitlab\cameramanage\clr\exercise2\exercise2\RtspToRtmp.cpp(399): warning C4996: 'Exercise2::av_free_packet': 被声明为已否决
                 I:\gitlab\cameraManage\CLR\Exercise2\Exercise2\ffmpeglib\include\libavcodec/avcodec.h(4650) : 参见“Exercise2::av_free_packet”的声明
     1>i:\gitlab\cameramanage\clr\exercise2\exercise2\RtspToRtmp.cpp(409): warning C4244: “初始化”: 从“double”转换到“Exercise2::int64_t”，可能丢失数据
     1>i:\gitlab\cameramanage\clr\exercise2\exercise2\RtspToRtmp.cpp(411): warning C4244: “=”: 从“double”转换到“Exercise2::int64_t”，可能丢失数据
     1>i:\gitlab\cameramanage\clr\exercise2\exercise2\RtspToRtmp.cpp(413): warning C4244: “=”: 从“double”转换到“Exercise2::int64_t”，可能丢失数据
     1>i:\gitlab\cameramanage\clr\exercise2\exercise2\RtspToRtmp.cpp(423): warning C4244: “参数”: 从“Exercise2::int64_t”转换到“unsigned int”，可能丢失数据
     1>i:\gitlab\cameramanage\clr\exercise2\exercise2\RtspToRtmp.cpp(451): warning C4996: 'Exercise2::av_free_packet': 被声明为已否决
                 I:\gitlab\cameraManage\CLR\Exercise2\Exercise2\ffmpeglib\include\libavcodec/avcodec.h(4650) : 参见“Exercise2::av_free_packet”的声明
     1>i:\gitlab\cameramanage\clr\exercise2\exercise2\HelloWorld.h(44): warning C4101: “ex”: 未引用的局部变量
     1>i:\gitlab\cameramanage\clr\exercise2\exercise2\HelloWorld.h(60): warning C4101: “ex”: 未引用的局部变量
     1>i:\gitlab\cameramanage\clr\exercise2\exercise2\HelloWorld.h(271): warning C4101: “ex”: 未引用的局部变量
     1>i:\gitlab\cameramanage\clr\exercise2\exercise2\HelloWorld.h(302): warning C4101: “ex”: 未引用的局部变量
         正在生成代码...
         C:\Program Files (x86)\Microsoft Visual Studio 12.0\VC\bin\CL.exe /c /I.\ffmpeglib\include /Zi /clr /nologo /W3 /WX- /Od /Oy- /D WIN32 /D _DEBUG /D _UNICODE /D UNICODE /EHa /MDd /GS /fp:precise /Zc:wchar_t /Zc:forScope /Fo"Debug\\" /Fd"Debug\vc120.pdb" /TP /analyze- /errorReport:prompt "C:\Users\赵通\AppData\Local\Temp\.NETFramework,Version=v4.0.AssemblyAttributes.cpp"
         .NETFramework,Version=v4.0.AssemblyAttributes.cpp
       Link:
         C:\Program Files (x86)\Microsoft Visual Studio 12.0\VC\bin\link.exe /ERRORREPORT:PROMPT /OUT:"I:\gitlab\cameraManage\CLR\Exercise2\Exercise2\Debug\Exercise2.exe" /INCREMENTAL /NOLOGO /LIBPATH:.\ffmpeglib\lib avcodec.lib avdevice.lib avfilter.lib avformat.lib avutil.lib kernel32.lib user32.lib gdi32.lib winspool.lib comdlg32.lib advapi32.lib shell32.lib ole32.lib oleaut32.lib uuid.lib odbc32.lib odbccp32.lib /ASSEMBLYRESOURCE:Debug\Exercise2.HelloWorld.resources /MANIFEST /MANIFESTUAC:"level='asInvoker' uiAccess='false'" /manifest:embed /DEBUG /PDB:"I:\gitlab\cameraManage\CLR\Exercise2\Exercise2\Debug\Exercise2.pdb" /ASSEMBLYDEBUG /TLBID:1 /DYNAMICBASE /FIXED:NO /NXCOMPAT /MACHINE:X86 Debug\Exercise.obj
         Debug\HelloWorld.obj
         Debug\RtspToRtmp.obj
         Debug\start_up.obj
         "Debug\.NETFramework,Version=v4.0.AssemblyAttributes.obj"
     1>start_up.obj : warning LNK4248: 无法解析 typeref 标记(01000027)(为“Exercise2.AVDictionary”)；映像可能无法运行
     1>HelloWorld.obj : warning LNK4248: 无法解析 typeref 标记(01000021)(为“Exercise2.AVDictionary”)；映像可能无法运行
         Exercise2.vcxproj -> I:\gitlab\cameraManage\CLR\Exercise2\Exercise2\Debug\Exercise2.exe
     1>已完成生成项目“I:\gitlab\cameraManage\CLR\Exercise2\Exercise2\Exercise2.vcxproj”(Rebuild 个目标)的操作。

生成成功。

已用时间 00:00:05.76
